{"name": "Проверка перехода в раздел «История заказов»", "status": "broken", "statusDetails": {"message": "selenium.common.exceptions.TimeoutException: Message: \nStacktrace:\n\tGetHandleVerifier [0x00007FF79F673E32+31618]\n\t(No symbol) [0x00007FF79F5EB099]\n\t(No symbol) [0x00007FF79F4A888A]\n\t(No symbol) [0x00007FF79F4F8524]\n\t(No symbol) [0x00007FF79F4F862C]\n\t(No symbol) [0x00007FF79F53F787]\n\t(No symbol) [0x00007FF79F51D14F]\n\t(No symbol) [0x00007FF79F53CA80]\n\t(No symbol) [0x00007FF79F51CEB3]\n\t(No symbol) [0x00007FF79F4EA46B]\n\t(No symbol) [0x00007FF79F4EB001]\n\tGetHandleVerifier [0x00007FF79F979FFD+3202381]\n\tGetHandleVerifier [0x00007FF79F9C6A1D+3516269]\n\tGetHandleVerifier [0x00007FF79F9BC490+3473888]\n\tGetHandleVerifier [0x00007FF79F725D36+760454]\n\t(No symbol) [0x00007FF79F5F6B3F]\n\t(No symbol) [0x00007FF79F5F1CD4]\n\t(No symbol) [0x00007FF79F5F1E62]\n\t(No symbol) [0x00007FF79F5E120F]\n\tBaseThreadInitThunk [0x00007FFFB2CA257D+29]\n\tRtlUserThreadStart [0x00007FFFB468AF28+40]", "trace": "self = <test_profile.TestProfile object at 0x000001CC079E6F90>, request = <FixtureRequest for <Function test_move_to_order_history[driver_chrome]>>\ndriver = <selenium.webdriver.chrome.webdriver.WebDriver (session=\"0dabeeb4ef875f54345cfed003fee394\")>, create_user_and_delete = ('brian81@example.org', '111111')\n\n    @pytest.mark.parametrize(\n        'driver', ['driver_chrome', 'driver_firefox']\n    )\n    @allure.title('Проверка перехода в раздел «История заказов»')\n    def test_move_to_order_history(self, request, driver, create_user_and_delete):\n        driver = request.getfixturevalue(driver)\n        email, password = create_user_and_delete\n        main_page = MainPage(driver)\n        profile_page = ProfilePage(driver)\n        main_page.check_button_profile_is_clickable()\n        main_page.click_on_profile_button()\n        profile_page.check_button_login_is_visible()\n        profile_page.set_email(email)\n        profile_page.set_password(password)\n        profile_page.click_on_login_btn()\n        main_page.check_button_profile_is_clickable()\n        main_page.click_on_profile_button()\n>       profile_page.check_btn_save_is_visible()\n\ntests\\test_profile.py:41: \n_ _ _ _ _ _ _ _ _ _ _ _ _ _ _ _ _ _ _ _ _ _ _ _ _ _ _ _ _ _ _ _ _ _ _ _ _ _ _ _ _ _ _ _ _ _ _ _ _ _ _ _ _ _ _ _ _ _ _ _ _ _ _ _ _ _ _ _ _ _ _ _ _ _ _ _ _ _ _ _ _ _ _ _ _ _ _ _ _ _ _ _\npages\\profile_page.py:30: in check_btn_save_is_visible\n    self.check_element_is_visable(ProfilePageLocators.SAVE_BTN)\npages\\base_page.py:26: in check_element_is_visable\n    WebDriverWait(self.driver, 15).until(\n_ _ _ _ _ _ _ _ _ _ _ _ _ _ _ _ _ _ _ _ _ _ _ _ _ _ _ _ _ _ _ _ _ _ _ _ _ _ _ _ _ _ _ _ _ _ _ _ _ _ _ _ _ _ _ _ _ _ _ _ _ _ _ _ _ _ _ _ _ _ _ _ _ _ _ _ _ _ _ _ _ _ _ _ _ _ _ _ _ _ _ _\n\nself = <selenium.webdriver.support.wait.WebDriverWait (session=\"0dabeeb4ef875f54345cfed003fee394\")>\nmethod = <function visibility_of_element_located.<locals>._predicate at 0x000001CC07A7DDA0>, message = ''\n\n    def until(self, method: Callable[[D], Union[Literal[False], T]], message: str = \"\") -> T:\n        \"\"\"Calls the method provided with the driver as an argument until the \\\n        return value does not evaluate to ``False``.\n    \n        :param method: callable(WebDriver)\n        :param message: optional message for :exc:`TimeoutException`\n        :returns: the result of the last call to `method`\n        :raises: :exc:`selenium.common.exceptions.TimeoutException` if timeout occurs\n        \"\"\"\n        screen = None\n        stacktrace = None\n    \n        end_time = time.monotonic() + self._timeout\n        while True:\n            try:\n                value = method(self._driver)\n                if value:\n                    return value\n            except self._ignored_exceptions as exc:\n                screen = getattr(exc, \"screen\", None)\n                stacktrace = getattr(exc, \"stacktrace\", None)\n            time.sleep(self._poll)\n            if time.monotonic() > end_time:\n                break\n>       raise TimeoutException(message, screen, stacktrace)\nE       selenium.common.exceptions.TimeoutException: Message: \nE       Stacktrace:\nE       \tGetHandleVerifier [0x00007FF79F673E32+31618]\nE       \t(No symbol) [0x00007FF79F5EB099]\nE       \t(No symbol) [0x00007FF79F4A888A]\nE       \t(No symbol) [0x00007FF79F4F8524]\nE       \t(No symbol) [0x00007FF79F4F862C]\nE       \t(No symbol) [0x00007FF79F53F787]\nE       \t(No symbol) [0x00007FF79F51D14F]\nE       \t(No symbol) [0x00007FF79F53CA80]\nE       \t(No symbol) [0x00007FF79F51CEB3]\nE       \t(No symbol) [0x00007FF79F4EA46B]\nE       \t(No symbol) [0x00007FF79F4EB001]\nE       \tGetHandleVerifier [0x00007FF79F979FFD+3202381]\nE       \tGetHandleVerifier [0x00007FF79F9C6A1D+3516269]\nE       \tGetHandleVerifier [0x00007FF79F9BC490+3473888]\nE       \tGetHandleVerifier [0x00007FF79F725D36+760454]\nE       \t(No symbol) [0x00007FF79F5F6B3F]\nE       \t(No symbol) [0x00007FF79F5F1CD4]\nE       \t(No symbol) [0x00007FF79F5F1E62]\nE       \t(No symbol) [0x00007FF79F5E120F]\nE       \tBaseThreadInitThunk [0x00007FFFB2CA257D+29]\nE       \tRtlUserThreadStart [0x00007FFFB468AF28+40]\n\n..\\..\\..\\AppData\\Local\\Packages\\PythonSoftwareFoundation.Python.3.12_qbz5n2kfra8p0\\LocalCache\\local-packages\\Python312\\site-packages\\selenium\\webdriver\\support\\wait.py:105: TimeoutException"}, "steps": [{"name": "Проверяем, что кнопка личного кабинета доступна для клика", "status": "passed", "steps": [{"name": "Кликабельность элемента", "status": "passed", "parameters": [{"name": "locator", "value": "['xpath', './/a[@href= \"/account\"]']"}], "start": 1719599787977, "stop": 1719599788001}], "start": 1719599787977, "stop": 1719599788001}, {"name": "Кликаем по кнопке \"Личный кабинет\"", "status": "passed", "steps": [{"name": "Кликаем на элемент", "status": "passed", "parameters": [{"name": "locator", "value": "['xpath', './/a[@href= \"/account\"]']"}], "start": 1719599788001, "stop": 1719599788040}], "start": 1719599788001, "stop": 1719599788040}, {"name": "Проверяем видимость кнопки логина", "status": "passed", "steps": [{"name": "Проверяем, что элемент виден", "status": "passed", "parameters": [{"name": "locator", "value": "['xpath', '//button[text()= \"Войти\"]']"}], "start": 1719599788040, "stop": 1719599788056}], "start": 1719599788040, "stop": 1719599788056}, {"name": "Вводим данные почты", "status": "passed", "steps": [{"name": "Устанавливаем локатор", "status": "passed", "parameters": [{"name": "locator", "value": "['xpath', '//input[@name= \"name\"]']"}, {"name": "key", "value": "'brian81@example.org'"}], "start": 1719599788056, "stop": 1719599788126}], "parameters": [{"name": "email", "value": "'brian81@example.org'"}], "start": 1719599788056, "stop": 1719599788126}, {"name": "Вводим пароль", "status": "passed", "steps": [{"name": "Устанавливаем локатор", "status": "passed", "parameters": [{"name": "locator", "value": "['xpath', '//input[@name= \"Пароль\"]']"}, {"name": "key", "value": "'111111'"}], "start": 1719599788126, "stop": 1719599788173}], "parameters": [{"name": "password", "value": "'111111'"}], "start": 1719599788126, "stop": 1719599788173}, {"name": "Кликаем на кнопку войти", "status": "passed", "steps": [{"name": "Кликаем на элемент", "status": "passed", "parameters": [{"name": "locator", "value": "['xpath', '//button[text()= \"Войти\"]']"}], "start": 1719599788173, "stop": 1719599788203}], "start": 1719599788173, "stop": 1719599788203}, {"name": "Проверяем, что кнопка личного кабинета доступна для клика", "status": "passed", "steps": [{"name": "Кликабельность элемента", "status": "passed", "parameters": [{"name": "locator", "value": "['xpath', './/a[@href= \"/account\"]']"}], "start": 1719599788203, "stop": 1719599788215}], "start": 1719599788203, "stop": 1719599788215}, {"name": "Кликаем по кнопке \"Личный кабинет\"", "status": "passed", "steps": [{"name": "Кликаем на элемент", "status": "passed", "parameters": [{"name": "locator", "value": "['xpath', './/a[@href= \"/account\"]']"}], "start": 1719599788215, "stop": 1719599788242}], "start": 1719599788215, "stop": 1719599788242}, {"name": "Проверяем видимость кнопки сохранения информации профиля", "status": "broken", "statusDetails": {"message": "selenium.common.exceptions.TimeoutException: Message: \nStacktrace:\n\tGetHandleVerifier [0x00007FF79F673E32+31618]\n\t(No symbol) [0x00007FF79F5EB099]\n\t(No symbol) [0x00007FF79F4A888A]\n\t(No symbol) [0x00007FF79F4F8524]\n\t(No symbol) [0x00007FF79F4F862C]\n\t(No symbol) [0x00007FF79F53F787]\n\t(No symbol) [0x00007FF79F51D14F]\n\t(No symbol) [0x00007FF79F53CA80]\n\t(No symbol) [0x00007FF79F51CEB3]\n\t(No symbol) [0x00007FF79F4EA46B]\n\t(No symbol) [0x00007FF79F4EB001]\n\tGetHandleVerifier [0x00007FF79F979FFD+3202381]\n\tGetHandleVerifier [0x00007FF79F9C6A1D+3516269]\n\tGetHandleVerifier [0x00007FF79F9BC490+3473888]\n\tGetHandleVerifier [0x00007FF79F725D36+760454]\n\t(No symbol) [0x00007FF79F5F6B3F]\n\t(No symbol) [0x00007FF79F5F1CD4]\n\t(No symbol) [0x00007FF79F5F1E62]\n\t(No symbol) [0x00007FF79F5E120F]\n\tBaseThreadInitThunk [0x00007FFFB2CA257D+29]\n\tRtlUserThreadStart [0x00007FFFB468AF28+40]\n\n", "trace": "  File \"C:\\Users\\Алюська\\AppData\\Local\\Packages\\PythonSoftwareFoundation.Python.3.12_qbz5n2kfra8p0\\LocalCache\\local-packages\\Python312\\site-packages\\allure_commons\\_allure.py\", line 192, in impl\n    return func(*a, **kw)\n           ^^^^^^^^^^^^^^\n  File \"C:\\Users\\Алюська\\PycharmProjects\\Diplom\\diplom_3\\pages\\profile_page.py\", line 30, in check_btn_save_is_visible\n    self.check_element_is_visable(ProfilePageLocators.SAVE_BTN)\n  File \"C:\\Users\\Алюська\\AppData\\Local\\Packages\\PythonSoftwareFoundation.Python.3.12_qbz5n2kfra8p0\\LocalCache\\local-packages\\Python312\\site-packages\\allure_commons\\_allure.py\", line 192, in impl\n    return func(*a, **kw)\n           ^^^^^^^^^^^^^^\n  File \"C:\\Users\\Алюська\\PycharmProjects\\Diplom\\diplom_3\\pages\\base_page.py\", line 26, in check_element_is_visable\n    WebDriverWait(self.driver, 15).until(\n  File \"C:\\Users\\Алюська\\AppData\\Local\\Packages\\PythonSoftwareFoundation.Python.3.12_qbz5n2kfra8p0\\LocalCache\\local-packages\\Python312\\site-packages\\selenium\\webdriver\\support\\wait.py\", line 105, in until\n    raise TimeoutException(message, screen, stacktrace)\n"}, "steps": [{"name": "Проверяем, что элемент виден", "status": "broken", "statusDetails": {"message": "selenium.common.exceptions.TimeoutException: Message: \nStacktrace:\n\tGetHandleVerifier [0x00007FF79F673E32+31618]\n\t(No symbol) [0x00007FF79F5EB099]\n\t(No symbol) [0x00007FF79F4A888A]\n\t(No symbol) [0x00007FF79F4F8524]\n\t(No symbol) [0x00007FF79F4F862C]\n\t(No symbol) [0x00007FF79F53F787]\n\t(No symbol) [0x00007FF79F51D14F]\n\t(No symbol) [0x00007FF79F53CA80]\n\t(No symbol) [0x00007FF79F51CEB3]\n\t(No symbol) [0x00007FF79F4EA46B]\n\t(No symbol) [0x00007FF79F4EB001]\n\tGetHandleVerifier [0x00007FF79F979FFD+3202381]\n\tGetHandleVerifier [0x00007FF79F9C6A1D+3516269]\n\tGetHandleVerifier [0x00007FF79F9BC490+3473888]\n\tGetHandleVerifier [0x00007FF79F725D36+760454]\n\t(No symbol) [0x00007FF79F5F6B3F]\n\t(No symbol) [0x00007FF79F5F1CD4]\n\t(No symbol) [0x00007FF79F5F1E62]\n\t(No symbol) [0x00007FF79F5E120F]\n\tBaseThreadInitThunk [0x00007FFFB2CA257D+29]\n\tRtlUserThreadStart [0x00007FFFB468AF28+40]\n\n", "trace": "  File \"C:\\Users\\Алюська\\AppData\\Local\\Packages\\PythonSoftwareFoundation.Python.3.12_qbz5n2kfra8p0\\LocalCache\\local-packages\\Python312\\site-packages\\allure_commons\\_allure.py\", line 192, in impl\n    return func(*a, **kw)\n           ^^^^^^^^^^^^^^\n  File \"C:\\Users\\Алюська\\PycharmProjects\\Diplom\\diplom_3\\pages\\base_page.py\", line 26, in check_element_is_visable\n    WebDriverWait(self.driver, 15).until(\n  File \"C:\\Users\\Алюська\\AppData\\Local\\Packages\\PythonSoftwareFoundation.Python.3.12_qbz5n2kfra8p0\\LocalCache\\local-packages\\Python312\\site-packages\\selenium\\webdriver\\support\\wait.py\", line 105, in until\n    raise TimeoutException(message, screen, stacktrace)\n"}, "parameters": [{"name": "locator", "value": "['xpath', '//button[text()= \"Сохранить\"]']"}], "start": 1719599788243, "stop": 1719599803452}], "start": 1719599788243, "stop": 1719599803456}], "parameters": [{"name": "driver", "value": "'driver_chrome'"}], "start": 1719599784304, "stop": 1719599803460, "uuid": "171bb441-93ac-4c44-82e7-1f34a2742c4d", "historyId": "55c087a20d37ae50289b14dc915e62dd", "testCaseId": "8247a4e1a584a9fa504cbb12f94802d5", "fullName": "tests.test_profile.TestProfile#test_move_to_order_history", "labels": [{"name": "parentSuite", "value": "tests"}, {"name": "suite", "value": "test_profile"}, {"name": "subSuite", "value": "TestProfile"}, {"name": "host", "value": "DESKTOP-JEPQ50G"}, {"name": "thread", "value": "24384-MainThread"}, {"name": "framework", "value": "pytest"}, {"name": "language", "value": "cpython3"}, {"name": "package", "value": "tests.test_profile"}]}