{"name": "Проверка что после оформления заказа его номер появляется в разделе \"В работе\"", "status": "broken", "statusDetails": {"message": "selenium.common.exceptions.NoSuchElementException: Message: no such element: Unable to locate element: {\"method\":\"xpath\",\"selector\":\"//*[contains(@class,\"orderListReady\")]//li[contains(@class,\"digits-default\")]\"}\n  (Session info: chrome=126.0.6478.63); For documentation on this error, please visit: https://www.selenium.dev/documentation/webdriver/troubleshooting/errors#no-such-element-exception\nStacktrace:\n\tGetHandleVerifier [0x00007FF79F673E32+31618]\n\t(No symbol) [0x00007FF79F5EB099]\n\t(No symbol) [0x00007FF79F4A888A]\n\t(No symbol) [0x00007FF79F4F8524]\n\t(No symbol) [0x00007FF79F4F862C]\n\t(No symbol) [0x00007FF79F53F787]\n\t(No symbol) [0x00007FF79F51D14F]\n\t(No symbol) [0x00007FF79F53CA80]\n\t(No symbol) [0x00007FF79F51CEB3]\n\t(No symbol) [0x00007FF79F4EA46B]\n\t(No symbol) [0x00007FF79F4EB001]\n\tGetHandleVerifier [0x00007FF79F979FFD+3202381]\n\tGetHandleVerifier [0x00007FF79F9C6A1D+3516269]\n\tGetHandleVerifier [0x00007FF79F9BC490+3473888]\n\tGetHandleVerifier [0x00007FF79F725D36+760454]\n\t(No symbol) [0x00007FF79F5F6B3F]\n\t(No symbol) [0x00007FF79F5F1CD4]\n\t(No symbol) [0x00007FF79F5F1E62]\n\t(No symbol) [0x00007FF79F5E120F]\n\tBaseThreadInitThunk [0x00007FFFB2CA257D+29]\n\tRtlUserThreadStart [0x00007FFFB468AF28+40]", "trace": "self = <test_order_feed.TestOrderFeed object at 0x000001CC07931A90>, request = <FixtureRequest for <Function test_check_work_now_order_success[driver_chrome]>>\ndriver = <selenium.webdriver.chrome.webdriver.WebDriver (session=\"cedd61fcd3d9c2cfc2aa89dde26ea76a\")>\ncreate_user_login_and_delete = (<pages.main_page.MainPage object at 0x000001CC07A2CB90>, <pages.profile_page.ProfilePage object at 0x000001CC07ABDD00>)\n\n    @pytest.mark.parametrize(\n        'driver', ['driver_chrome', 'driver_firefox']\n    )\n    @allure.title('Проверка что после оформления заказа его номер появляется в разделе \"В работе\"')\n    def test_check_work_now_order_success(self, request, driver, create_user_login_and_delete):\n        driver = request.getfixturevalue(driver)\n        main_page, profile_page = create_user_login_and_delete\n        order_page = OrderFeedPage(driver)\n        main_page.check_order_btn_is_visible()\n        main_page.add_bun_to_order_basket()\n        main_page.click_on_order_btn()\n        main_page.check_x_btn_order_popup_is_clickable()\n        main_page.check_order_status_text_is_visible()\n        main_page.check_order_default_status_text_is_visible()\n        order = main_page.get_order_number()\n        main_page.click_on_x_btn_order_popup()\n        main_page.click_on_order_feed_button()\n        main_page.check_done_title_is_visible()\n>       order_in_work = order_page.get_order_number_in_work()\n\ntests\\test_order_feed.py:123: \n_ _ _ _ _ _ _ _ _ _ _ _ _ _ _ _ _ _ _ _ _ _ _ _ _ _ _ _ _ _ _ _ _ _ _ _ _ _ _ _ _ _ _ _ _ _ _ _ _ _ _ _ _ _ _ _ _ _ _ _ _ _ _ _ _ _ _ _ _ _ _ _ _ _ _ _ _ _ _ _ _ _ _ _ _ _ _ _ _ _ _ _\npages\\order_feed_page.py:37: in get_order_number_in_work\n    self.get_text_element(OrderPageLocators.ORDER_IN_WORK)\npages\\base_page.py:31: in get_text_element\n    return self.driver.find_element(*locator).text\n..\\..\\..\\AppData\\Local\\Packages\\PythonSoftwareFoundation.Python.3.12_qbz5n2kfra8p0\\LocalCache\\local-packages\\Python312\\site-packages\\selenium\\webdriver\\remote\\webdriver.py:741: in find_element\n    return self.execute(Command.FIND_ELEMENT, {\"using\": by, \"value\": value})[\"value\"]\n..\\..\\..\\AppData\\Local\\Packages\\PythonSoftwareFoundation.Python.3.12_qbz5n2kfra8p0\\LocalCache\\local-packages\\Python312\\site-packages\\selenium\\webdriver\\remote\\webdriver.py:347: in execute\n    self.error_handler.check_response(response)\n_ _ _ _ _ _ _ _ _ _ _ _ _ _ _ _ _ _ _ _ _ _ _ _ _ _ _ _ _ _ _ _ _ _ _ _ _ _ _ _ _ _ _ _ _ _ _ _ _ _ _ _ _ _ _ _ _ _ _ _ _ _ _ _ _ _ _ _ _ _ _ _ _ _ _ _ _ _ _ _ _ _ _ _ _ _ _ _ _ _ _ _\n\nself = <selenium.webdriver.remote.errorhandler.ErrorHandler object at 0x000001CC07ABE750>\nresponse = {'status': 404, 'value': '{\"value\":{\"error\":\"no such element\",\"message\":\"no such element: Unable to locate element: {\\...07FF79F5E120F]\\\\n\\\\tBaseThreadInitThunk [0x00007FFFB2CA257D+29]\\\\n\\\\tRtlUserThreadStart [0x00007FFFB468AF28+40]\\\\n\"}}'}\n\n    def check_response(self, response: Dict[str, Any]) -> None:\n        \"\"\"Checks that a JSON response from the WebDriver does not have an\n        error.\n    \n        :Args:\n         - response - The JSON response from the WebDriver server as a dictionary\n           object.\n    \n        :Raises: If the response contains an error message.\n        \"\"\"\n        status = response.get(\"status\", None)\n        if not status or status == ErrorCode.SUCCESS:\n            return\n        value = None\n        message = response.get(\"message\", \"\")\n        screen: str = response.get(\"screen\", \"\")\n        stacktrace = None\n        if isinstance(status, int):\n            value_json = response.get(\"value\", None)\n            if value_json and isinstance(value_json, str):\n                import json\n    \n                try:\n                    value = json.loads(value_json)\n                    if len(value) == 1:\n                        value = value[\"value\"]\n                    status = value.get(\"error\", None)\n                    if not status:\n                        status = value.get(\"status\", ErrorCode.UNKNOWN_ERROR)\n                        message = value.get(\"value\") or value.get(\"message\")\n                        if not isinstance(message, str):\n                            value = message\n                            message = message.get(\"message\")\n                    else:\n                        message = value.get(\"message\", None)\n                except ValueError:\n                    pass\n    \n        exception_class: Type[WebDriverException]\n        e = ErrorCode()\n        error_codes = [item for item in dir(e) if not item.startswith(\"__\")]\n        for error_code in error_codes:\n            error_info = getattr(ErrorCode, error_code)\n            if isinstance(error_info, list) and status in error_info:\n                exception_class = getattr(ExceptionMapping, error_code, WebDriverException)\n                break\n        else:\n            exception_class = WebDriverException\n    \n        if not value:\n            value = response[\"value\"]\n        if isinstance(value, str):\n            raise exception_class(value)\n        if message == \"\" and \"message\" in value:\n            message = value[\"message\"]\n    \n        screen = None  # type: ignore[assignment]\n        if \"screen\" in value:\n            screen = value[\"screen\"]\n    \n        stacktrace = None\n        st_value = value.get(\"stackTrace\") or value.get(\"stacktrace\")\n        if st_value:\n            if isinstance(st_value, str):\n                stacktrace = st_value.split(\"\\n\")\n            else:\n                stacktrace = []\n                try:\n                    for frame in st_value:\n                        line = frame.get(\"lineNumber\", \"\")\n                        file = frame.get(\"fileName\", \"<anonymous>\")\n                        if line:\n                            file = f\"{file}:{line}\"\n                        meth = frame.get(\"methodName\", \"<anonymous>\")\n                        if \"className\" in frame:\n                            meth = f\"{frame['className']}.{meth}\"\n                        msg = \"    at %s (%s)\"\n                        msg = msg % (meth, file)\n                        stacktrace.append(msg)\n                except TypeError:\n                    pass\n        if exception_class == UnexpectedAlertPresentException:\n            alert_text = None\n            if \"data\" in value:\n                alert_text = value[\"data\"].get(\"text\")\n            elif \"alert\" in value:\n                alert_text = value[\"alert\"].get(\"text\")\n            raise exception_class(message, screen, stacktrace, alert_text)  # type: ignore[call-arg]  # mypy is not smart enough here\n>       raise exception_class(message, screen, stacktrace)\nE       selenium.common.exceptions.NoSuchElementException: Message: no such element: Unable to locate element: {\"method\":\"xpath\",\"selector\":\"//*[contains(@class,\"orderListReady\")]//li[contains(@class,\"digits-default\")]\"}\nE         (Session info: chrome=126.0.6478.63); For documentation on this error, please visit: https://www.selenium.dev/documentation/webdriver/troubleshooting/errors#no-such-element-exception\nE       Stacktrace:\nE       \tGetHandleVerifier [0x00007FF79F673E32+31618]\nE       \t(No symbol) [0x00007FF79F5EB099]\nE       \t(No symbol) [0x00007FF79F4A888A]\nE       \t(No symbol) [0x00007FF79F4F8524]\nE       \t(No symbol) [0x00007FF79F4F862C]\nE       \t(No symbol) [0x00007FF79F53F787]\nE       \t(No symbol) [0x00007FF79F51D14F]\nE       \t(No symbol) [0x00007FF79F53CA80]\nE       \t(No symbol) [0x00007FF79F51CEB3]\nE       \t(No symbol) [0x00007FF79F4EA46B]\nE       \t(No symbol) [0x00007FF79F4EB001]\nE       \tGetHandleVerifier [0x00007FF79F979FFD+3202381]\nE       \tGetHandleVerifier [0x00007FF79F9C6A1D+3516269]\nE       \tGetHandleVerifier [0x00007FF79F9BC490+3473888]\nE       \tGetHandleVerifier [0x00007FF79F725D36+760454]\nE       \t(No symbol) [0x00007FF79F5F6B3F]\nE       \t(No symbol) [0x00007FF79F5F1CD4]\nE       \t(No symbol) [0x00007FF79F5F1E62]\nE       \t(No symbol) [0x00007FF79F5E120F]\nE       \tBaseThreadInitThunk [0x00007FFFB2CA257D+29]\nE       \tRtlUserThreadStart [0x00007FFFB468AF28+40]\n\n..\\..\\..\\AppData\\Local\\Packages\\PythonSoftwareFoundation.Python.3.12_qbz5n2kfra8p0\\LocalCache\\local-packages\\Python312\\site-packages\\selenium\\webdriver\\remote\\errorhandler.py:229: NoSuchElementException"}, "steps": [{"name": "Ожидаем видимость кнопки \"Оформить заказ\"", "status": "passed", "steps": [{"name": "Проверяем, что элемент виден", "status": "passed", "parameters": [{"name": "locator", "value": "['xpath', './/button[text()= \"Оформить заказ\"]']"}], "start": 1719599645382, "stop": 1719599645905}], "start": 1719599645381, "stop": 1719599645905}, {"name": "Добавление булки в корзину", "status": "passed", "steps": [{"name": "Перетаскивание элемента", "status": "passed", "steps": [{"name": "Проверяем, что элемент виден", "status": "passed", "parameters": [{"name": "locator", "value": "['xpath', \"//img[@alt='Флюоресцентная булка R2-D3']\"]"}], "start": 1719599645905, "stop": 1719599645915}, {"name": "Проверяем, что элемент виден", "status": "passed", "parameters": [{"name": "locator", "value": "['xpath', \"//ul[@class='BurgerConstructor_basket__list__l9dp_']\"]"}], "start": 1719599645915, "stop": 1719599645925}], "parameters": [{"name": "locator_from", "value": "['xpath', \"//img[@alt='Флюоресцентная булка R2-D3']\"]"}, {"name": "locator_to", "value": "['xpath', \"//ul[@class='BurgerConstructor_basket__list__l9dp_']\"]"}], "start": 1719599645905, "stop": 1719599645940}], "start": 1719599645905, "stop": 1719599645940}, {"name": "Кликаем на кнопку \"Оформить заказ\"", "status": "passed", "steps": [{"name": "Кликаем на элемент", "status": "passed", "parameters": [{"name": "locator", "value": "['xpath', './/button[text()= \"Оформить заказ\"]']"}], "start": 1719599645940, "stop": 1719599645965}], "start": 1719599645940, "stop": 1719599645965}, {"name": "Ждем кликабельности кнопки закрытияч попапа", "status": "passed", "steps": [{"name": "Кликабельность элемента", "status": "passed", "parameters": [{"name": "locator", "value": "['xpath', '//button[contains(@class, \"Modal_modal__close_modified__3V5XS\")]']"}], "start": 1719599645965, "stop": 1719599646490}], "start": 1719599645965, "stop": 1719599646490}, {"name": "Ждем пока будет видно заголовок", "status": "passed", "steps": [{"name": "Проверяем, что элемент виден", "status": "passed", "parameters": [{"name": "locator", "value": "['xpath', '//p[text()=\"Ваш заказ начали готовить\"]']"}], "start": 1719599646490, "stop": 1719599646500}], "start": 1719599646490, "stop": 1719599646500}, {"name": "Ждем пока невидимый заголовок будет видно", "status": "passed", "steps": [{"name": "Ожидание невидимого элемента", "status": "passed", "parameters": [{"name": "locator", "value": "['xpath', '//h2[text()=\"9999\"]']"}], "start": 1719599646500, "stop": 1719599647017}], "start": 1719599646500, "stop": 1719599647017}, {"name": "Получение номера заказа", "status": "passed", "steps": [{"name": "Получаем текст элемента", "status": "passed", "parameters": [{"name": "locator", "value": "['xpath', '//*[contains(@class, \"type_digits-large\")]']"}], "start": 1719599647017, "stop": 1719599647038}], "start": 1719599647017, "stop": 1719599647038}, {"name": "Кликаем по кнопке крестика после оформления заказа", "status": "passed", "steps": [{"name": "Кликаем на элемент", "status": "passed", "parameters": [{"name": "locator", "value": "['xpath', '//button[contains(@class, \"Modal_modal__close_modified__3V5XS\")]']"}], "start": 1719599647038, "stop": 1719599647232}], "start": 1719599647038, "stop": 1719599647232}, {"name": "Кликаем по кнопке \"Лента заказов\"", "status": "passed", "steps": [{"name": "Кликаем на элемент", "status": "passed", "parameters": [{"name": "locator", "value": "['xpath', \"//p[text()='Лента Заказов']\"]"}], "start": 1719599647233, "stop": 1719599647523}], "start": 1719599647232, "stop": 1719599647523}, {"name": "Ожидаем видимость кнопки \"Войти в аккаунт\"", "status": "passed", "steps": [{"name": "Проверяем, что элемент виден", "status": "passed", "parameters": [{"name": "locator", "value": "['xpath', \"//p[text()='Готовы:']\"]"}], "start": 1719599647523, "stop": 1719599648046}], "start": 1719599647523, "stop": 1719599648046}, {"name": "Получение заказа по номеру в разделе \"В работе\"", "status": "broken", "statusDetails": {"message": "selenium.common.exceptions.NoSuchElementException: Message: no such element: Unable to locate element: {\"method\":\"xpath\",\"selector\":\"//*[contains(@class,\"orderListReady\")]//li[contains(@class,\"digits-default\")]\"}\n  (Session info: chrome=126.0.6478.63); For documentation on this error, please visit: https://www.selenium.dev/documentation/webdriver/troubleshooting/errors#no-such-element-exception\nStacktrace:\n\tGetHandleVerifier [0x00007FF79F673E32+31618]\n\t(No symbol) [0x00007FF79F5EB099]\n\t(No symbol) [0x00007FF79F4A888A]\n\t(No symbol) [0x00007FF79F4F8524]\n\t(No symbol) [0x00007FF79F4F862C]\n\t(No symbol) [0x00007FF79F53F787]\n\t(No symbol) [0x00007FF79F51D14F]\n\t(No symbol) [0x00007FF79F53CA80]\n\t(No symbol) [0x00007FF79F51CEB3]\n\t(No symbol) [0x00007FF79F4EA46B]\n\t(No symbol) [0x00007FF79F4EB001]\n\tGetHandleVerifier [0x00007FF79F979FFD+3202381]\n\tGetHandleVerifier [0x00007FF79F9C6A1D+3516269]\n\tGetHandleVerifier [0x00007FF79F9BC490+3473888]\n\tGetHandleVerifier [0x00007FF79F725D36+760454]\n\t(No symbol) [0x00007FF79F5F6B3F]\n\t(No symbol) [0x00007FF79F5F1CD4]\n\t(No symbol) [0x00007FF79F5F1E62]\n\t(No symbol) [0x00007FF79F5E120F]\n\tBaseThreadInitThunk [0x00007FFFB2CA257D+29]\n\tRtlUserThreadStart [0x00007FFFB468AF28+40]\n\n", "trace": "  File \"C:\\Users\\Алюська\\AppData\\Local\\Packages\\PythonSoftwareFoundation.Python.3.12_qbz5n2kfra8p0\\LocalCache\\local-packages\\Python312\\site-packages\\allure_commons\\_allure.py\", line 192, in impl\n    return func(*a, **kw)\n           ^^^^^^^^^^^^^^\n  File \"C:\\Users\\Алюська\\PycharmProjects\\Diplom\\diplom_3\\pages\\order_feed_page.py\", line 37, in get_order_number_in_work\n    self.get_text_element(OrderPageLocators.ORDER_IN_WORK)\n  File \"C:\\Users\\Алюська\\AppData\\Local\\Packages\\PythonSoftwareFoundation.Python.3.12_qbz5n2kfra8p0\\LocalCache\\local-packages\\Python312\\site-packages\\allure_commons\\_allure.py\", line 192, in impl\n    return func(*a, **kw)\n           ^^^^^^^^^^^^^^\n  File \"C:\\Users\\Алюська\\PycharmProjects\\Diplom\\diplom_3\\pages\\base_page.py\", line 31, in get_text_element\n    return self.driver.find_element(*locator).text\n           ^^^^^^^^^^^^^^^^^^^^^^^^^^^^^^^^^^\n  File \"C:\\Users\\Алюська\\AppData\\Local\\Packages\\PythonSoftwareFoundation.Python.3.12_qbz5n2kfra8p0\\LocalCache\\local-packages\\Python312\\site-packages\\selenium\\webdriver\\remote\\webdriver.py\", line 741, in find_element\n    return self.execute(Command.FIND_ELEMENT, {\"using\": by, \"value\": value})[\"value\"]\n           ^^^^^^^^^^^^^^^^^^^^^^^^^^^^^^^^^^^^^^^^^^^^^^^^^^^^^^^^^^^^^^^^^\n  File \"C:\\Users\\Алюська\\AppData\\Local\\Packages\\PythonSoftwareFoundation.Python.3.12_qbz5n2kfra8p0\\LocalCache\\local-packages\\Python312\\site-packages\\selenium\\webdriver\\remote\\webdriver.py\", line 347, in execute\n    self.error_handler.check_response(response)\n  File \"C:\\Users\\Алюська\\AppData\\Local\\Packages\\PythonSoftwareFoundation.Python.3.12_qbz5n2kfra8p0\\LocalCache\\local-packages\\Python312\\site-packages\\selenium\\webdriver\\remote\\errorhandler.py\", line 229, in check_response\n    raise exception_class(message, screen, stacktrace)\n"}, "steps": [{"name": "Получаем текст элемента", "status": "broken", "statusDetails": {"message": "selenium.common.exceptions.NoSuchElementException: Message: no such element: Unable to locate element: {\"method\":\"xpath\",\"selector\":\"//*[contains(@class,\"orderListReady\")]//li[contains(@class,\"digits-default\")]\"}\n  (Session info: chrome=126.0.6478.63); For documentation on this error, please visit: https://www.selenium.dev/documentation/webdriver/troubleshooting/errors#no-such-element-exception\nStacktrace:\n\tGetHandleVerifier [0x00007FF79F673E32+31618]\n\t(No symbol) [0x00007FF79F5EB099]\n\t(No symbol) [0x00007FF79F4A888A]\n\t(No symbol) [0x00007FF79F4F8524]\n\t(No symbol) [0x00007FF79F4F862C]\n\t(No symbol) [0x00007FF79F53F787]\n\t(No symbol) [0x00007FF79F51D14F]\n\t(No symbol) [0x00007FF79F53CA80]\n\t(No symbol) [0x00007FF79F51CEB3]\n\t(No symbol) [0x00007FF79F4EA46B]\n\t(No symbol) [0x00007FF79F4EB001]\n\tGetHandleVerifier [0x00007FF79F979FFD+3202381]\n\tGetHandleVerifier [0x00007FF79F9C6A1D+3516269]\n\tGetHandleVerifier [0x00007FF79F9BC490+3473888]\n\tGetHandleVerifier [0x00007FF79F725D36+760454]\n\t(No symbol) [0x00007FF79F5F6B3F]\n\t(No symbol) [0x00007FF79F5F1CD4]\n\t(No symbol) [0x00007FF79F5F1E62]\n\t(No symbol) [0x00007FF79F5E120F]\n\tBaseThreadInitThunk [0x00007FFFB2CA257D+29]\n\tRtlUserThreadStart [0x00007FFFB468AF28+40]\n\n", "trace": "  File \"C:\\Users\\Алюська\\AppData\\Local\\Packages\\PythonSoftwareFoundation.Python.3.12_qbz5n2kfra8p0\\LocalCache\\local-packages\\Python312\\site-packages\\allure_commons\\_allure.py\", line 192, in impl\n    return func(*a, **kw)\n           ^^^^^^^^^^^^^^\n  File \"C:\\Users\\Алюська\\PycharmProjects\\Diplom\\diplom_3\\pages\\base_page.py\", line 31, in get_text_element\n    return self.driver.find_element(*locator).text\n           ^^^^^^^^^^^^^^^^^^^^^^^^^^^^^^^^^^\n  File \"C:\\Users\\Алюська\\AppData\\Local\\Packages\\PythonSoftwareFoundation.Python.3.12_qbz5n2kfra8p0\\LocalCache\\local-packages\\Python312\\site-packages\\selenium\\webdriver\\remote\\webdriver.py\", line 741, in find_element\n    return self.execute(Command.FIND_ELEMENT, {\"using\": by, \"value\": value})[\"value\"]\n           ^^^^^^^^^^^^^^^^^^^^^^^^^^^^^^^^^^^^^^^^^^^^^^^^^^^^^^^^^^^^^^^^^\n  File \"C:\\Users\\Алюська\\AppData\\Local\\Packages\\PythonSoftwareFoundation.Python.3.12_qbz5n2kfra8p0\\LocalCache\\local-packages\\Python312\\site-packages\\selenium\\webdriver\\remote\\webdriver.py\", line 347, in execute\n    self.error_handler.check_response(response)\n  File \"C:\\Users\\Алюська\\AppData\\Local\\Packages\\PythonSoftwareFoundation.Python.3.12_qbz5n2kfra8p0\\LocalCache\\local-packages\\Python312\\site-packages\\selenium\\webdriver\\remote\\errorhandler.py\", line 229, in check_response\n    raise exception_class(message, screen, stacktrace)\n"}, "parameters": [{"name": "locator", "value": "['xpath', '//*[contains(@class,\"orderListReady\")]//li[contains(@class,\"digits-default\")]']"}], "start": 1719599648046, "stop": 1719599648053}], "start": 1719599648046, "stop": 1719599648054}], "parameters": [{"name": "driver", "value": "'driver_chrome'"}], "start": 1719599645381, "stop": 1719599648055, "uuid": "9b85254e-0af2-4cd3-8b19-6a0b7478be1b", "historyId": "0a62907b3d77294db4b637647d4f3bc4", "testCaseId": "1554bb96201006300a3d67b84aab0dcb", "fullName": "tests.test_order_feed.TestOrderFeed#test_check_work_now_order_success", "labels": [{"name": "parentSuite", "value": "tests"}, {"name": "suite", "value": "test_order_feed"}, {"name": "subSuite", "value": "TestOrderFeed"}, {"name": "host", "value": "DESKTOP-JEPQ50G"}, {"name": "thread", "value": "24384-MainThread"}, {"name": "framework", "value": "pytest"}, {"name": "language", "value": "cpython3"}, {"name": "package", "value": "tests.test_order_feed"}]}